Start testing: Apr 21 21:54 EDT
----------------------------------------------------------
1/53 Testing: AnalyticTest.SimpleOscillator
1/53 Test: AnalyticTest.SimpleOscillator
Command: "/home/orebas/cpp/polyODE/build2/analytic_test" "--gtest_filter=AnalyticTest.SimpleOscillator"
Directory: /home/orebas/cpp/polyODE/build2
"AnalyticTest.SimpleOscillator" start time: Apr 21 21:54 EDT
Output:
----------------------------------------------------------
Running main() from /home/orebas/cpp/polyODE/build2/_deps/googletest-src/googletest/src/gtest_main.cc
Note: Google Test filter = AnalyticTest.SimpleOscillator
[==========] Running 1 test from 1 test suite.
[----------] Global test environment set-up.
[----------] 1 test from AnalyticTest
[ RUN      ] AnalyticTest.SimpleOscillator
[       OK ] AnalyticTest.SimpleOscillator (0 ms)
[----------] 1 test from AnalyticTest (0 ms total)

[----------] Global test environment tear-down
[==========] 1 test from 1 test suite ran. (0 ms total)
[  PASSED  ] 1 test.
<end of output>
Test time =   0.00 sec
----------------------------------------------------------
Test Passed.
"AnalyticTest.SimpleOscillator" end time: Apr 21 21:54 EDT
"AnalyticTest.SimpleOscillator" time elapsed: 00:00:00
----------------------------------------------------------

2/53 Testing: HollingODESystemTest.SingleSimulationRun
2/53 Test: HollingODESystemTest.SingleSimulationRun
Command: "/home/orebas/cpp/polyODE/build2/holling_odesystem_test" "--gtest_filter=HollingODESystemTest.SingleSimulationRun"
Directory: /home/orebas/cpp/polyODE/build2
"HollingODESystemTest.SingleSimulationRun" start time: Apr 21 21:54 EDT
Output:
----------------------------------------------------------
Running main() from /home/orebas/cpp/polyODE/build2/_deps/googletest-src/googletest/src/gtest_main.cc
Note: Google Test filter = HollingODESystemTest.SingleSimulationRun
[==========] Running 1 test from 1 test suite.
[----------] Global test environment set-up.
[----------] 1 test from HollingODESystemTest
[ RUN      ] HollingODESystemTest.SingleSimulationRun
[       OK ] HollingODESystemTest.SingleSimulationRun (16 ms)
[----------] 1 test from HollingODESystemTest (16 ms total)

[----------] Global test environment tear-down
[==========] 1 test from 1 test suite ran. (16 ms total)
[  PASSED  ] 1 test.
<end of output>
Test time =   0.02 sec
----------------------------------------------------------
Test Passed.
"HollingODESystemTest.SingleSimulationRun" end time: Apr 21 21:54 EDT
"HollingODESystemTest.SingleSimulationRun" time elapsed: 00:00:00
----------------------------------------------------------

3/53 Testing: HollingODESystemTest.BatchSimulationRun
3/53 Test: HollingODESystemTest.BatchSimulationRun
Command: "/home/orebas/cpp/polyODE/build2/holling_odesystem_test" "--gtest_filter=HollingODESystemTest.BatchSimulationRun"
Directory: /home/orebas/cpp/polyODE/build2
"HollingODESystemTest.BatchSimulationRun" start time: Apr 21 21:54 EDT
Output:
----------------------------------------------------------
Running main() from /home/orebas/cpp/polyODE/build2/_deps/googletest-src/googletest/src/gtest_main.cc
Note: Google Test filter = HollingODESystemTest.BatchSimulationRun
[==========] Running 1 test from 1 test suite.
[----------] Global test environment set-up.
[----------] 1 test from HollingODESystemTest
[ RUN      ] HollingODESystemTest.BatchSimulationRun

Running simulation batch 1 of 3...

Running simulation batch 2 of 3...

Running simulation batch 3 of 3...
[       OK ] HollingODESystemTest.BatchSimulationRun (23 ms)
[----------] 1 test from HollingODESystemTest (23 ms total)

[----------] Global test environment tear-down
[==========] 1 test from 1 test suite ran. (23 ms total)
[  PASSED  ] 1 test.
<end of output>
Test time =   0.03 sec
----------------------------------------------------------
Test Passed.
"HollingODESystemTest.BatchSimulationRun" end time: Apr 21 21:54 EDT
"HollingODESystemTest.BatchSimulationRun" time elapsed: 00:00:00
----------------------------------------------------------

4/53 Testing: MonomialTest.DefaultConstructor
4/53 Test: MonomialTest.DefaultConstructor
Command: "/home/orebas/cpp/polyODE/build2/monomial_test" "--gtest_filter=MonomialTest.DefaultConstructor"
Directory: /home/orebas/cpp/polyODE/build2
"MonomialTest.DefaultConstructor" start time: Apr 21 21:54 EDT
Output:
----------------------------------------------------------
Running main() from /home/orebas/cpp/polyODE/build2/_deps/googletest-src/googletest/src/gtest_main.cc
Note: Google Test filter = MonomialTest.DefaultConstructor
[==========] Running 1 test from 1 test suite.
[----------] Global test environment set-up.
[----------] 1 test from MonomialTest
[ RUN      ] MonomialTest.DefaultConstructor
[       OK ] MonomialTest.DefaultConstructor (0 ms)
[----------] 1 test from MonomialTest (0 ms total)

[----------] Global test environment tear-down
[==========] 1 test from 1 test suite ran. (0 ms total)
[  PASSED  ] 1 test.
<end of output>
Test time =   0.00 sec
----------------------------------------------------------
Test Passed.
"MonomialTest.DefaultConstructor" end time: Apr 21 21:54 EDT
"MonomialTest.DefaultConstructor" time elapsed: 00:00:00
----------------------------------------------------------

5/53 Testing: MonomialTest.ConstantTermConstructor
5/53 Test: MonomialTest.ConstantTermConstructor
Command: "/home/orebas/cpp/polyODE/build2/monomial_test" "--gtest_filter=MonomialTest.ConstantTermConstructor"
Directory: /home/orebas/cpp/polyODE/build2
"MonomialTest.ConstantTermConstructor" start time: Apr 21 21:54 EDT
Output:
----------------------------------------------------------
Running main() from /home/orebas/cpp/polyODE/build2/_deps/googletest-src/googletest/src/gtest_main.cc
Note: Google Test filter = MonomialTest.ConstantTermConstructor
[==========] Running 1 test from 1 test suite.
[----------] Global test environment set-up.
[----------] 1 test from MonomialTest
[ RUN      ] MonomialTest.ConstantTermConstructor
[       OK ] MonomialTest.ConstantTermConstructor (0 ms)
[----------] 1 test from MonomialTest (0 ms total)

[----------] Global test environment tear-down
[==========] 1 test from 1 test suite ran. (0 ms total)
[  PASSED  ] 1 test.
<end of output>
Test time =   0.00 sec
----------------------------------------------------------
Test Passed.
"MonomialTest.ConstantTermConstructor" end time: Apr 21 21:54 EDT
"MonomialTest.ConstantTermConstructor" time elapsed: 00:00:00
----------------------------------------------------------

6/53 Testing: MonomialTest.SingleVariableConstructor
6/53 Test: MonomialTest.SingleVariableConstructor
Command: "/home/orebas/cpp/polyODE/build2/monomial_test" "--gtest_filter=MonomialTest.SingleVariableConstructor"
Directory: /home/orebas/cpp/polyODE/build2
"MonomialTest.SingleVariableConstructor" start time: Apr 21 21:54 EDT
Output:
----------------------------------------------------------
Running main() from /home/orebas/cpp/polyODE/build2/_deps/googletest-src/googletest/src/gtest_main.cc
Note: Google Test filter = MonomialTest.SingleVariableConstructor
[==========] Running 1 test from 1 test suite.
[----------] Global test environment set-up.
[----------] 1 test from MonomialTest
[ RUN      ] MonomialTest.SingleVariableConstructor
[       OK ] MonomialTest.SingleVariableConstructor (0 ms)
[----------] 1 test from MonomialTest (0 ms total)

[----------] Global test environment tear-down
[==========] 1 test from 1 test suite ran. (0 ms total)
[  PASSED  ] 1 test.
<end of output>
Test time =   0.00 sec
----------------------------------------------------------
Test Passed.
"MonomialTest.SingleVariableConstructor" end time: Apr 21 21:54 EDT
"MonomialTest.SingleVariableConstructor" time elapsed: 00:00:00
----------------------------------------------------------

7/53 Testing: MonomialTest.VectorConstructor
7/53 Test: MonomialTest.VectorConstructor
Command: "/home/orebas/cpp/polyODE/build2/monomial_test" "--gtest_filter=MonomialTest.VectorConstructor"
Directory: /home/orebas/cpp/polyODE/build2
"MonomialTest.VectorConstructor" start time: Apr 21 21:54 EDT
Output:
----------------------------------------------------------
Running main() from /home/orebas/cpp/polyODE/build2/_deps/googletest-src/googletest/src/gtest_main.cc
Note: Google Test filter = MonomialTest.VectorConstructor
[==========] Running 1 test from 1 test suite.
[----------] Global test environment set-up.
[----------] 1 test from MonomialTest
[ RUN      ] MonomialTest.VectorConstructor
[       OK ] MonomialTest.VectorConstructor (0 ms)
[----------] 1 test from MonomialTest (0 ms total)

[----------] Global test environment tear-down
[==========] 1 test from 1 test suite ran. (0 ms total)
[  PASSED  ] 1 test.
<end of output>
Test time =   0.00 sec
----------------------------------------------------------
Test Passed.
"MonomialTest.VectorConstructor" end time: Apr 21 21:54 EDT
"MonomialTest.VectorConstructor" time elapsed: 00:00:00
----------------------------------------------------------

8/53 Testing: MonomialTest.Evaluation
8/53 Test: MonomialTest.Evaluation
Command: "/home/orebas/cpp/polyODE/build2/monomial_test" "--gtest_filter=MonomialTest.Evaluation"
Directory: /home/orebas/cpp/polyODE/build2
"MonomialTest.Evaluation" start time: Apr 21 21:54 EDT
Output:
----------------------------------------------------------
Running main() from /home/orebas/cpp/polyODE/build2/_deps/googletest-src/googletest/src/gtest_main.cc
Note: Google Test filter = MonomialTest.Evaluation
[==========] Running 1 test from 1 test suite.
[----------] Global test environment set-up.
[----------] 1 test from MonomialTest
[ RUN      ] MonomialTest.Evaluation
DEBUG: Monomial::evaluate failed to find key: z
[       OK ] MonomialTest.Evaluation (0 ms)
[----------] 1 test from MonomialTest (0 ms total)

[----------] Global test environment tear-down
[==========] 1 test from 1 test suite ran. (0 ms total)
[  PASSED  ] 1 test.
<end of output>
Test time =   0.00 sec
----------------------------------------------------------
Test Passed.
"MonomialTest.Evaluation" end time: Apr 21 21:54 EDT
"MonomialTest.Evaluation" time elapsed: 00:00:00
----------------------------------------------------------

9/53 Testing: MonomialTest.HasSameVariables
9/53 Test: MonomialTest.HasSameVariables
Command: "/home/orebas/cpp/polyODE/build2/monomial_test" "--gtest_filter=MonomialTest.HasSameVariables"
Directory: /home/orebas/cpp/polyODE/build2
"MonomialTest.HasSameVariables" start time: Apr 21 21:54 EDT
Output:
----------------------------------------------------------
Running main() from /home/orebas/cpp/polyODE/build2/_deps/googletest-src/googletest/src/gtest_main.cc
Note: Google Test filter = MonomialTest.HasSameVariables
[==========] Running 1 test from 1 test suite.
[----------] Global test environment set-up.
[----------] 1 test from MonomialTest
[ RUN      ] MonomialTest.HasSameVariables
[       OK ] MonomialTest.HasSameVariables (0 ms)
[----------] 1 test from MonomialTest (0 ms total)

[----------] Global test environment tear-down
[==========] 1 test from 1 test suite ran. (0 ms total)
[  PASSED  ] 1 test.
<end of output>
Test time =   0.00 sec
----------------------------------------------------------
Test Passed.
"MonomialTest.HasSameVariables" end time: Apr 21 21:54 EDT
"MonomialTest.HasSameVariables" time elapsed: 00:00:00
----------------------------------------------------------

10/53 Testing: MonomialTest.Multiplication
10/53 Test: MonomialTest.Multiplication
Command: "/home/orebas/cpp/polyODE/build2/monomial_test" "--gtest_filter=MonomialTest.Multiplication"
Directory: /home/orebas/cpp/polyODE/build2
"MonomialTest.Multiplication" start time: Apr 21 21:54 EDT
Output:
----------------------------------------------------------
Running main() from /home/orebas/cpp/polyODE/build2/_deps/googletest-src/googletest/src/gtest_main.cc
Note: Google Test filter = MonomialTest.Multiplication
[==========] Running 1 test from 1 test suite.
[----------] Global test environment set-up.
[----------] 1 test from MonomialTest
[ RUN      ] MonomialTest.Multiplication
[       OK ] MonomialTest.Multiplication (0 ms)
[----------] 1 test from MonomialTest (0 ms total)

[----------] Global test environment tear-down
[==========] 1 test from 1 test suite ran. (0 ms total)
[  PASSED  ] 1 test.
<end of output>
Test time =   0.00 sec
----------------------------------------------------------
Test Passed.
"MonomialTest.Multiplication" end time: Apr 21 21:54 EDT
"MonomialTest.Multiplication" time elapsed: 00:00:00
----------------------------------------------------------

11/53 Testing: MonomialTest.StreamOutput
11/53 Test: MonomialTest.StreamOutput
Command: "/home/orebas/cpp/polyODE/build2/monomial_test" "--gtest_filter=MonomialTest.StreamOutput"
Directory: /home/orebas/cpp/polyODE/build2
"MonomialTest.StreamOutput" start time: Apr 21 21:54 EDT
Output:
----------------------------------------------------------
Running main() from /home/orebas/cpp/polyODE/build2/_deps/googletest-src/googletest/src/gtest_main.cc
Note: Google Test filter = MonomialTest.StreamOutput
[==========] Running 1 test from 1 test suite.
[----------] Global test environment set-up.
[----------] 1 test from MonomialTest
[ RUN      ] MonomialTest.StreamOutput
[       OK ] MonomialTest.StreamOutput (0 ms)
[----------] 1 test from MonomialTest (0 ms total)

[----------] Global test environment tear-down
[==========] 1 test from 1 test suite ran. (0 ms total)
[  PASSED  ] 1 test.
<end of output>
Test time =   0.00 sec
----------------------------------------------------------
Test Passed.
"MonomialTest.StreamOutput" end time: Apr 21 21:54 EDT
"MonomialTest.StreamOutput" time elapsed: 00:00:00
----------------------------------------------------------

12/53 Testing: PolynomialTest.Constructors
12/53 Test: PolynomialTest.Constructors
Command: "/home/orebas/cpp/polyODE/build2/polynomial_test" "--gtest_filter=PolynomialTest.Constructors"
Directory: /home/orebas/cpp/polyODE/build2
"PolynomialTest.Constructors" start time: Apr 21 21:54 EDT
Output:
----------------------------------------------------------
Running main() from /home/orebas/cpp/polyODE/build2/_deps/googletest-src/googletest/src/gtest_main.cc
Note: Google Test filter = PolynomialTest.Constructors
[==========] Running 1 test from 1 test suite.
[----------] Global test environment set-up.
[----------] 1 test from PolynomialTest
[ RUN      ] PolynomialTest.Constructors
[       OK ] PolynomialTest.Constructors (0 ms)
[----------] 1 test from PolynomialTest (0 ms total)

[----------] Global test environment tear-down
[==========] 1 test from 1 test suite ran. (0 ms total)
[  PASSED  ] 1 test.
<end of output>
Test time =   0.00 sec
----------------------------------------------------------
Test Passed.
"PolynomialTest.Constructors" end time: Apr 21 21:54 EDT
"PolynomialTest.Constructors" time elapsed: 00:00:00
----------------------------------------------------------

13/53 Testing: PolynomialTest.Simplify
13/53 Test: PolynomialTest.Simplify
Command: "/home/orebas/cpp/polyODE/build2/polynomial_test" "--gtest_filter=PolynomialTest.Simplify"
Directory: /home/orebas/cpp/polyODE/build2
"PolynomialTest.Simplify" start time: Apr 21 21:54 EDT
Output:
----------------------------------------------------------
Running main() from /home/orebas/cpp/polyODE/build2/_deps/googletest-src/googletest/src/gtest_main.cc
Note: Google Test filter = PolynomialTest.Simplify
[==========] Running 1 test from 1 test suite.
[----------] Global test environment set-up.
[----------] 1 test from PolynomialTest
[ RUN      ] PolynomialTest.Simplify
[       OK ] PolynomialTest.Simplify (0 ms)
[----------] 1 test from PolynomialTest (0 ms total)

[----------] Global test environment tear-down
[==========] 1 test from 1 test suite ran. (0 ms total)
[  PASSED  ] 1 test.
<end of output>
Test time =   0.00 sec
----------------------------------------------------------
Test Passed.
"PolynomialTest.Simplify" end time: Apr 21 21:54 EDT
"PolynomialTest.Simplify" time elapsed: 00:00:00
----------------------------------------------------------

14/53 Testing: PolynomialTest.Arithmetic
14/53 Test: PolynomialTest.Arithmetic
Command: "/home/orebas/cpp/polyODE/build2/polynomial_test" "--gtest_filter=PolynomialTest.Arithmetic"
Directory: /home/orebas/cpp/polyODE/build2
"PolynomialTest.Arithmetic" start time: Apr 21 21:54 EDT
Output:
----------------------------------------------------------
Running main() from /home/orebas/cpp/polyODE/build2/_deps/googletest-src/googletest/src/gtest_main.cc
Note: Google Test filter = PolynomialTest.Arithmetic
[==========] Running 1 test from 1 test suite.
[----------] Global test environment set-up.
[----------] 1 test from PolynomialTest
[ RUN      ] PolynomialTest.Arithmetic
[       OK ] PolynomialTest.Arithmetic (0 ms)
[----------] 1 test from PolynomialTest (0 ms total)

[----------] Global test environment tear-down
[==========] 1 test from 1 test suite ran. (0 ms total)
[  PASSED  ] 1 test.
<end of output>
Test time =   0.00 sec
----------------------------------------------------------
Test Passed.
"PolynomialTest.Arithmetic" end time: Apr 21 21:54 EDT
"PolynomialTest.Arithmetic" time elapsed: 00:00:00
----------------------------------------------------------

15/53 Testing: PolynomialTest.Evaluation
15/53 Test: PolynomialTest.Evaluation
Command: "/home/orebas/cpp/polyODE/build2/polynomial_test" "--gtest_filter=PolynomialTest.Evaluation"
Directory: /home/orebas/cpp/polyODE/build2
"PolynomialTest.Evaluation" start time: Apr 21 21:54 EDT
Output:
----------------------------------------------------------
Running main() from /home/orebas/cpp/polyODE/build2/_deps/googletest-src/googletest/src/gtest_main.cc
Note: Google Test filter = PolynomialTest.Evaluation
[==========] Running 1 test from 1 test suite.
[----------] Global test environment set-up.
[----------] 1 test from PolynomialTest
[ RUN      ] PolynomialTest.Evaluation
DEBUG: Monomial::evaluate failed to find key: z
[       OK ] PolynomialTest.Evaluation (0 ms)
[----------] 1 test from PolynomialTest (0 ms total)

[----------] Global test environment tear-down
[==========] 1 test from 1 test suite ran. (0 ms total)
[  PASSED  ] 1 test.
<end of output>
Test time =   0.00 sec
----------------------------------------------------------
Test Passed.
"PolynomialTest.Evaluation" end time: Apr 21 21:54 EDT
"PolynomialTest.Evaluation" time elapsed: 00:00:00
----------------------------------------------------------

16/53 Testing: PolynomialTest.Differentiation
16/53 Test: PolynomialTest.Differentiation
Command: "/home/orebas/cpp/polyODE/build2/polynomial_test" "--gtest_filter=PolynomialTest.Differentiation"
Directory: /home/orebas/cpp/polyODE/build2
"PolynomialTest.Differentiation" start time: Apr 21 21:54 EDT
Output:
----------------------------------------------------------
Running main() from /home/orebas/cpp/polyODE/build2/_deps/googletest-src/googletest/src/gtest_main.cc
Note: Google Test filter = PolynomialTest.Differentiation
[==========] Running 1 test from 1 test suite.
[----------] Global test environment set-up.
[----------] 1 test from PolynomialTest
[ RUN      ] PolynomialTest.Differentiation
[       OK ] PolynomialTest.Differentiation (0 ms)
[----------] 1 test from PolynomialTest (0 ms total)

[----------] Global test environment tear-down
[==========] 1 test from 1 test suite ran. (0 ms total)
[  PASSED  ] 1 test.
<end of output>
Test time =   0.00 sec
----------------------------------------------------------
Test Passed.
"PolynomialTest.Differentiation" end time: Apr 21 21:54 EDT
"PolynomialTest.Differentiation" time elapsed: 00:00:00
----------------------------------------------------------

17/53 Testing: PolynomialTest.StreamOutput
17/53 Test: PolynomialTest.StreamOutput
Command: "/home/orebas/cpp/polyODE/build2/polynomial_test" "--gtest_filter=PolynomialTest.StreamOutput"
Directory: /home/orebas/cpp/polyODE/build2
"PolynomialTest.StreamOutput" start time: Apr 21 21:54 EDT
Output:
----------------------------------------------------------
Running main() from /home/orebas/cpp/polyODE/build2/_deps/googletest-src/googletest/src/gtest_main.cc
Note: Google Test filter = PolynomialTest.StreamOutput
[==========] Running 1 test from 1 test suite.
[----------] Global test environment set-up.
[----------] 1 test from PolynomialTest
[ RUN      ] PolynomialTest.StreamOutput
[       OK ] PolynomialTest.StreamOutput (0 ms)
[----------] 1 test from PolynomialTest (0 ms total)

[----------] Global test environment tear-down
[==========] 1 test from 1 test suite ran. (0 ms total)
[  PASSED  ] 1 test.
<end of output>
Test time =   0.00 sec
----------------------------------------------------------
Test Passed.
"PolynomialTest.StreamOutput" end time: Apr 21 21:54 EDT
"PolynomialTest.StreamOutput" time elapsed: 00:00:00
----------------------------------------------------------

18/53 Testing: PolynomialTest.ComplexArithmetic
18/53 Test: PolynomialTest.ComplexArithmetic
Command: "/home/orebas/cpp/polyODE/build2/polynomial_test" "--gtest_filter=PolynomialTest.ComplexArithmetic"
Directory: /home/orebas/cpp/polyODE/build2
"PolynomialTest.ComplexArithmetic" start time: Apr 21 21:54 EDT
Output:
----------------------------------------------------------
Running main() from /home/orebas/cpp/polyODE/build2/_deps/googletest-src/googletest/src/gtest_main.cc
Note: Google Test filter = PolynomialTest.ComplexArithmetic
[==========] Running 1 test from 1 test suite.
[----------] Global test environment set-up.
[----------] 1 test from PolynomialTest
[ RUN      ] PolynomialTest.ComplexArithmetic
[       OK ] PolynomialTest.ComplexArithmetic (0 ms)
[----------] 1 test from PolynomialTest (0 ms total)

[----------] Global test environment tear-down
[==========] 1 test from 1 test suite ran. (0 ms total)
[  PASSED  ] 1 test.
<end of output>
Test time =   0.00 sec
----------------------------------------------------------
Test Passed.
"PolynomialTest.ComplexArithmetic" end time: Apr 21 21:54 EDT
"PolynomialTest.ComplexArithmetic" time elapsed: 00:00:00
----------------------------------------------------------

19/53 Testing: PolynomialTest.ArithmeticWithDerivatives
19/53 Test: PolynomialTest.ArithmeticWithDerivatives
Command: "/home/orebas/cpp/polyODE/build2/polynomial_test" "--gtest_filter=PolynomialTest.ArithmeticWithDerivatives"
Directory: /home/orebas/cpp/polyODE/build2
"PolynomialTest.ArithmeticWithDerivatives" start time: Apr 21 21:54 EDT
Output:
----------------------------------------------------------
Running main() from /home/orebas/cpp/polyODE/build2/_deps/googletest-src/googletest/src/gtest_main.cc
Note: Google Test filter = PolynomialTest.ArithmeticWithDerivatives
[==========] Running 1 test from 1 test suite.
[----------] Global test environment set-up.
[----------] 1 test from PolynomialTest
[ RUN      ] PolynomialTest.ArithmeticWithDerivatives
[       OK ] PolynomialTest.ArithmeticWithDerivatives (0 ms)
[----------] 1 test from PolynomialTest (0 ms total)

[----------] Global test environment tear-down
[==========] 1 test from 1 test suite ran. (0 ms total)
[  PASSED  ] 1 test.
<end of output>
Test time =   0.00 sec
----------------------------------------------------------
Test Passed.
"PolynomialTest.ArithmeticWithDerivatives" end time: Apr 21 21:54 EDT
"PolynomialTest.ArithmeticWithDerivatives" time elapsed: 00:00:00
----------------------------------------------------------

20/53 Testing: PolynomialTest.DifferentiationWithDerivatives
20/53 Test: PolynomialTest.DifferentiationWithDerivatives
Command: "/home/orebas/cpp/polyODE/build2/polynomial_test" "--gtest_filter=PolynomialTest.DifferentiationWithDerivatives"
Directory: /home/orebas/cpp/polyODE/build2
"PolynomialTest.DifferentiationWithDerivatives" start time: Apr 21 21:54 EDT
Output:
----------------------------------------------------------
Running main() from /home/orebas/cpp/polyODE/build2/_deps/googletest-src/googletest/src/gtest_main.cc
Note: Google Test filter = PolynomialTest.DifferentiationWithDerivatives
[==========] Running 1 test from 1 test suite.
[----------] Global test environment set-up.
[----------] 1 test from PolynomialTest
[ RUN      ] PolynomialTest.DifferentiationWithDerivatives
[       OK ] PolynomialTest.DifferentiationWithDerivatives (0 ms)
[----------] 1 test from PolynomialTest (0 ms total)

[----------] Global test environment tear-down
[==========] 1 test from 1 test suite ran. (0 ms total)
[  PASSED  ] 1 test.
<end of output>
Test time =   0.00 sec
----------------------------------------------------------
Test Passed.
"PolynomialTest.DifferentiationWithDerivatives" end time: Apr 21 21:54 EDT
"PolynomialTest.DifferentiationWithDerivatives" time elapsed: 00:00:00
----------------------------------------------------------

21/53 Testing: PolynomialTest.DifferentiationWithConstants
21/53 Test: PolynomialTest.DifferentiationWithConstants
Command: "/home/orebas/cpp/polyODE/build2/polynomial_test" "--gtest_filter=PolynomialTest.DifferentiationWithConstants"
Directory: /home/orebas/cpp/polyODE/build2
"PolynomialTest.DifferentiationWithConstants" start time: Apr 21 21:54 EDT
Output:
----------------------------------------------------------
Running main() from /home/orebas/cpp/polyODE/build2/_deps/googletest-src/googletest/src/gtest_main.cc
Note: Google Test filter = PolynomialTest.DifferentiationWithConstants
[==========] Running 1 test from 1 test suite.
[----------] Global test environment set-up.
[----------] 1 test from PolynomialTest
[ RUN      ] PolynomialTest.DifferentiationWithConstants
[       OK ] PolynomialTest.DifferentiationWithConstants (0 ms)
[----------] 1 test from PolynomialTest (0 ms total)

[----------] Global test environment tear-down
[==========] 1 test from 1 test suite ran. (0 ms total)
[  PASSED  ] 1 test.
<end of output>
Test time =   0.00 sec
----------------------------------------------------------
Test Passed.
"PolynomialTest.DifferentiationWithConstants" end time: Apr 21 21:54 EDT
"PolynomialTest.DifferentiationWithConstants" time elapsed: 00:00:00
----------------------------------------------------------

22/53 Testing: RationalFunctionTest.ConstructorsAndNormalization
22/53 Test: RationalFunctionTest.ConstructorsAndNormalization
Command: "/home/orebas/cpp/polyODE/build2/rational_function_test" "--gtest_filter=RationalFunctionTest.ConstructorsAndNormalization"
Directory: /home/orebas/cpp/polyODE/build2
"RationalFunctionTest.ConstructorsAndNormalization" start time: Apr 21 21:54 EDT
Output:
----------------------------------------------------------
Running main() from /home/orebas/cpp/polyODE/build2/_deps/googletest-src/googletest/src/gtest_main.cc
Note: Google Test filter = RationalFunctionTest.ConstructorsAndNormalization
[==========] Running 1 test from 1 test suite.
[----------] Global test environment set-up.
[----------] 1 test from RationalFunctionTest
[ RUN      ] RationalFunctionTest.ConstructorsAndNormalization
[       OK ] RationalFunctionTest.ConstructorsAndNormalization (0 ms)
[----------] 1 test from RationalFunctionTest (0 ms total)

[----------] Global test environment tear-down
[==========] 1 test from 1 test suite ran. (0 ms total)
[  PASSED  ] 1 test.
<end of output>
Test time =   0.00 sec
----------------------------------------------------------
Test Passed.
"RationalFunctionTest.ConstructorsAndNormalization" end time: Apr 21 21:54 EDT
"RationalFunctionTest.ConstructorsAndNormalization" time elapsed: 00:00:00
----------------------------------------------------------

23/53 Testing: RationalFunctionTest.Arithmetic
23/53 Test: RationalFunctionTest.Arithmetic
Command: "/home/orebas/cpp/polyODE/build2/rational_function_test" "--gtest_filter=RationalFunctionTest.Arithmetic"
Directory: /home/orebas/cpp/polyODE/build2
"RationalFunctionTest.Arithmetic" start time: Apr 21 21:54 EDT
Output:
----------------------------------------------------------
Running main() from /home/orebas/cpp/polyODE/build2/_deps/googletest-src/googletest/src/gtest_main.cc
Note: Google Test filter = RationalFunctionTest.Arithmetic
[==========] Running 1 test from 1 test suite.
[----------] Global test environment set-up.
[----------] 1 test from RationalFunctionTest
[ RUN      ] RationalFunctionTest.Arithmetic
[       OK ] RationalFunctionTest.Arithmetic (0 ms)
[----------] 1 test from RationalFunctionTest (0 ms total)

[----------] Global test environment tear-down
[==========] 1 test from 1 test suite ran. (0 ms total)
[  PASSED  ] 1 test.
<end of output>
Test time =   0.00 sec
----------------------------------------------------------
Test Passed.
"RationalFunctionTest.Arithmetic" end time: Apr 21 21:54 EDT
"RationalFunctionTest.Arithmetic" time elapsed: 00:00:00
----------------------------------------------------------

24/53 Testing: RationalFunctionTest.ArithmeticWithPolynomials
24/53 Test: RationalFunctionTest.ArithmeticWithPolynomials
Command: "/home/orebas/cpp/polyODE/build2/rational_function_test" "--gtest_filter=RationalFunctionTest.ArithmeticWithPolynomials"
Directory: /home/orebas/cpp/polyODE/build2
"RationalFunctionTest.ArithmeticWithPolynomials" start time: Apr 21 21:54 EDT
Output:
----------------------------------------------------------
Running main() from /home/orebas/cpp/polyODE/build2/_deps/googletest-src/googletest/src/gtest_main.cc
Note: Google Test filter = RationalFunctionTest.ArithmeticWithPolynomials
[==========] Running 1 test from 1 test suite.
[----------] Global test environment set-up.
[----------] 1 test from RationalFunctionTest
[ RUN      ] RationalFunctionTest.ArithmeticWithPolynomials
[       OK ] RationalFunctionTest.ArithmeticWithPolynomials (0 ms)
[----------] 1 test from RationalFunctionTest (0 ms total)

[----------] Global test environment tear-down
[==========] 1 test from 1 test suite ran. (0 ms total)
[  PASSED  ] 1 test.
<end of output>
Test time =   0.00 sec
----------------------------------------------------------
Test Passed.
"RationalFunctionTest.ArithmeticWithPolynomials" end time: Apr 21 21:54 EDT
"RationalFunctionTest.ArithmeticWithPolynomials" time elapsed: 00:00:00
----------------------------------------------------------

25/53 Testing: RationalFunctionTest.Evaluation
25/53 Test: RationalFunctionTest.Evaluation
Command: "/home/orebas/cpp/polyODE/build2/rational_function_test" "--gtest_filter=RationalFunctionTest.Evaluation"
Directory: /home/orebas/cpp/polyODE/build2
"RationalFunctionTest.Evaluation" start time: Apr 21 21:54 EDT
Output:
----------------------------------------------------------
Running main() from /home/orebas/cpp/polyODE/build2/_deps/googletest-src/googletest/src/gtest_main.cc
Note: Google Test filter = RationalFunctionTest.Evaluation
[==========] Running 1 test from 1 test suite.
[----------] Global test environment set-up.
[----------] 1 test from RationalFunctionTest
[ RUN      ] RationalFunctionTest.Evaluation
DEBUG: Monomial::evaluate failed to find key: y
[       OK ] RationalFunctionTest.Evaluation (0 ms)
[----------] 1 test from RationalFunctionTest (0 ms total)

[----------] Global test environment tear-down
[==========] 1 test from 1 test suite ran. (0 ms total)
[  PASSED  ] 1 test.
<end of output>
Test time =   0.00 sec
----------------------------------------------------------
Test Passed.
"RationalFunctionTest.Evaluation" end time: Apr 21 21:54 EDT
"RationalFunctionTest.Evaluation" time elapsed: 00:00:00
----------------------------------------------------------

26/53 Testing: RationalFunctionTest.Differentiation
26/53 Test: RationalFunctionTest.Differentiation
Command: "/home/orebas/cpp/polyODE/build2/rational_function_test" "--gtest_filter=RationalFunctionTest.Differentiation"
Directory: /home/orebas/cpp/polyODE/build2
"RationalFunctionTest.Differentiation" start time: Apr 21 21:54 EDT
Output:
----------------------------------------------------------
Running main() from /home/orebas/cpp/polyODE/build2/_deps/googletest-src/googletest/src/gtest_main.cc
Note: Google Test filter = RationalFunctionTest.Differentiation
[==========] Running 1 test from 1 test suite.
[----------] Global test environment set-up.
[----------] 1 test from RationalFunctionTest
[ RUN      ] RationalFunctionTest.Differentiation
[       OK ] RationalFunctionTest.Differentiation (0 ms)
[----------] 1 test from RationalFunctionTest (0 ms total)

[----------] Global test environment tear-down
[==========] 1 test from 1 test suite ran. (0 ms total)
[  PASSED  ] 1 test.
<end of output>
Test time =   0.00 sec
----------------------------------------------------------
Test Passed.
"RationalFunctionTest.Differentiation" end time: Apr 21 21:54 EDT
"RationalFunctionTest.Differentiation" time elapsed: 00:00:00
----------------------------------------------------------

27/53 Testing: RationalFunctionTest.StreamOutput
27/53 Test: RationalFunctionTest.StreamOutput
Command: "/home/orebas/cpp/polyODE/build2/rational_function_test" "--gtest_filter=RationalFunctionTest.StreamOutput"
Directory: /home/orebas/cpp/polyODE/build2
"RationalFunctionTest.StreamOutput" start time: Apr 21 21:54 EDT
Output:
----------------------------------------------------------
Running main() from /home/orebas/cpp/polyODE/build2/_deps/googletest-src/googletest/src/gtest_main.cc
Note: Google Test filter = RationalFunctionTest.StreamOutput
[==========] Running 1 test from 1 test suite.
[----------] Global test environment set-up.
[----------] 1 test from RationalFunctionTest
[ RUN      ] RationalFunctionTest.StreamOutput
[       OK ] RationalFunctionTest.StreamOutput (0 ms)
[----------] 1 test from RationalFunctionTest (0 ms total)

[----------] Global test environment tear-down
[==========] 1 test from 1 test suite ran. (0 ms total)
[  PASSED  ] 1 test.
<end of output>
Test time =   0.00 sec
----------------------------------------------------------
Test Passed.
"RationalFunctionTest.StreamOutput" end time: Apr 21 21:54 EDT
"RationalFunctionTest.StreamOutput" time elapsed: 00:00:00
----------------------------------------------------------

28/53 Testing: RationalFunctionTest.ComplexArithmetic
28/53 Test: RationalFunctionTest.ComplexArithmetic
Command: "/home/orebas/cpp/polyODE/build2/rational_function_test" "--gtest_filter=RationalFunctionTest.ComplexArithmetic"
Directory: /home/orebas/cpp/polyODE/build2
"RationalFunctionTest.ComplexArithmetic" start time: Apr 21 21:54 EDT
Output:
----------------------------------------------------------
Running main() from /home/orebas/cpp/polyODE/build2/_deps/googletest-src/googletest/src/gtest_main.cc
Note: Google Test filter = RationalFunctionTest.ComplexArithmetic
[==========] Running 1 test from 1 test suite.
[----------] Global test environment set-up.
[----------] 1 test from RationalFunctionTest
[ RUN      ] RationalFunctionTest.ComplexArithmetic
[       OK ] RationalFunctionTest.ComplexArithmetic (0 ms)
[----------] 1 test from RationalFunctionTest (0 ms total)

[----------] Global test environment tear-down
[==========] 1 test from 1 test suite ran. (0 ms total)
[  PASSED  ] 1 test.
<end of output>
Test time =   0.00 sec
----------------------------------------------------------
Test Passed.
"RationalFunctionTest.ComplexArithmetic" end time: Apr 21 21:54 EDT
"RationalFunctionTest.ComplexArithmetic" time elapsed: 00:00:00
----------------------------------------------------------

29/53 Testing: RationalFunctionTest.DifferentiationWithDerivatives
29/53 Test: RationalFunctionTest.DifferentiationWithDerivatives
Command: "/home/orebas/cpp/polyODE/build2/rational_function_test" "--gtest_filter=RationalFunctionTest.DifferentiationWithDerivatives"
Directory: /home/orebas/cpp/polyODE/build2
"RationalFunctionTest.DifferentiationWithDerivatives" start time: Apr 21 21:54 EDT
Output:
----------------------------------------------------------
Running main() from /home/orebas/cpp/polyODE/build2/_deps/googletest-src/googletest/src/gtest_main.cc
Note: Google Test filter = RationalFunctionTest.DifferentiationWithDerivatives
[==========] Running 1 test from 1 test suite.
[----------] Global test environment set-up.
[----------] 1 test from RationalFunctionTest
[ RUN      ] RationalFunctionTest.DifferentiationWithDerivatives
[       OK ] RationalFunctionTest.DifferentiationWithDerivatives (0 ms)
[----------] 1 test from RationalFunctionTest (0 ms total)

[----------] Global test environment tear-down
[==========] 1 test from 1 test suite ran. (0 ms total)
[  PASSED  ] 1 test.
<end of output>
Test time =   0.00 sec
----------------------------------------------------------
Test Passed.
"RationalFunctionTest.DifferentiationWithDerivatives" end time: Apr 21 21:54 EDT
"RationalFunctionTest.DifferentiationWithDerivatives" time elapsed: 00:00:00
----------------------------------------------------------

30/53 Testing: RationalFunctionTest.EvaluationWithNaN
30/53 Test: RationalFunctionTest.EvaluationWithNaN
Command: "/home/orebas/cpp/polyODE/build2/rational_function_test" "--gtest_filter=RationalFunctionTest.EvaluationWithNaN"
Directory: /home/orebas/cpp/polyODE/build2
"RationalFunctionTest.EvaluationWithNaN" start time: Apr 21 21:54 EDT
Output:
----------------------------------------------------------
Running main() from /home/orebas/cpp/polyODE/build2/_deps/googletest-src/googletest/src/gtest_main.cc
Note: Google Test filter = RationalFunctionTest.EvaluationWithNaN
[==========] Running 1 test from 1 test suite.
[----------] Global test environment set-up.
[----------] 1 test from RationalFunctionTest
[ RUN      ] RationalFunctionTest.EvaluationWithNaN
[       OK ] RationalFunctionTest.EvaluationWithNaN (0 ms)
[----------] 1 test from RationalFunctionTest (0 ms total)

[----------] Global test environment tear-down
[==========] 1 test from 1 test suite ran. (0 ms total)
[  PASSED  ] 1 test.
<end of output>
Test time =   0.00 sec
----------------------------------------------------------
Test Passed.
"RationalFunctionTest.EvaluationWithNaN" end time: Apr 21 21:54 EDT
"RationalFunctionTest.EvaluationWithNaN" time elapsed: 00:00:00
----------------------------------------------------------

31/53 Testing: VariableTest.ConstructorAndAttributes
31/53 Test: VariableTest.ConstructorAndAttributes
Command: "/home/orebas/cpp/polyODE/build2/variable_test" "--gtest_filter=VariableTest.ConstructorAndAttributes"
Directory: /home/orebas/cpp/polyODE/build2
"VariableTest.ConstructorAndAttributes" start time: Apr 21 21:54 EDT
Output:
----------------------------------------------------------
Running main() from /home/orebas/cpp/polyODE/build2/_deps/googletest-src/googletest/src/gtest_main.cc
Note: Google Test filter = VariableTest.ConstructorAndAttributes
[==========] Running 1 test from 1 test suite.
[----------] Global test environment set-up.
[----------] 1 test from VariableTest
[ RUN      ] VariableTest.ConstructorAndAttributes
[       OK ] VariableTest.ConstructorAndAttributes (0 ms)
[----------] 1 test from VariableTest (0 ms total)

[----------] Global test environment tear-down
[==========] 1 test from 1 test suite ran. (0 ms total)
[  PASSED  ] 1 test.
<end of output>
Test time =   0.00 sec
----------------------------------------------------------
Test Passed.
"VariableTest.ConstructorAndAttributes" end time: Apr 21 21:54 EDT
"VariableTest.ConstructorAndAttributes" time elapsed: 00:00:00
----------------------------------------------------------

32/53 Testing: VariableTest.EqualityOperator
32/53 Test: VariableTest.EqualityOperator
Command: "/home/orebas/cpp/polyODE/build2/variable_test" "--gtest_filter=VariableTest.EqualityOperator"
Directory: /home/orebas/cpp/polyODE/build2
"VariableTest.EqualityOperator" start time: Apr 21 21:54 EDT
Output:
----------------------------------------------------------
Running main() from /home/orebas/cpp/polyODE/build2/_deps/googletest-src/googletest/src/gtest_main.cc
Note: Google Test filter = VariableTest.EqualityOperator
[==========] Running 1 test from 1 test suite.
[----------] Global test environment set-up.
[----------] 1 test from VariableTest
[ RUN      ] VariableTest.EqualityOperator
[       OK ] VariableTest.EqualityOperator (0 ms)
[----------] 1 test from VariableTest (0 ms total)

[----------] Global test environment tear-down
[==========] 1 test from 1 test suite ran. (0 ms total)
[  PASSED  ] 1 test.
<end of output>
Test time =   0.00 sec
----------------------------------------------------------
Test Passed.
"VariableTest.EqualityOperator" end time: Apr 21 21:54 EDT
"VariableTest.EqualityOperator" time elapsed: 00:00:00
----------------------------------------------------------

33/53 Testing: VariableTest.LessThanOperator
33/53 Test: VariableTest.LessThanOperator
Command: "/home/orebas/cpp/polyODE/build2/variable_test" "--gtest_filter=VariableTest.LessThanOperator"
Directory: /home/orebas/cpp/polyODE/build2
"VariableTest.LessThanOperator" start time: Apr 21 21:54 EDT
Output:
----------------------------------------------------------
Running main() from /home/orebas/cpp/polyODE/build2/_deps/googletest-src/googletest/src/gtest_main.cc
Note: Google Test filter = VariableTest.LessThanOperator
[==========] Running 1 test from 1 test suite.
[----------] Global test environment set-up.
[----------] 1 test from VariableTest
[ RUN      ] VariableTest.LessThanOperator
[       OK ] VariableTest.LessThanOperator (0 ms)
[----------] 1 test from VariableTest (0 ms total)

[----------] Global test environment tear-down
[==========] 1 test from 1 test suite ran. (0 ms total)
[  PASSED  ] 1 test.
<end of output>
Test time =   0.00 sec
----------------------------------------------------------
Test Passed.
"VariableTest.LessThanOperator" end time: Apr 21 21:54 EDT
"VariableTest.LessThanOperator" time elapsed: 00:00:00
----------------------------------------------------------

34/53 Testing: VariableTest.StreamOutput
34/53 Test: VariableTest.StreamOutput
Command: "/home/orebas/cpp/polyODE/build2/variable_test" "--gtest_filter=VariableTest.StreamOutput"
Directory: /home/orebas/cpp/polyODE/build2
"VariableTest.StreamOutput" start time: Apr 21 21:54 EDT
Output:
----------------------------------------------------------
Running main() from /home/orebas/cpp/polyODE/build2/_deps/googletest-src/googletest/src/gtest_main.cc
Note: Google Test filter = VariableTest.StreamOutput
[==========] Running 1 test from 1 test suite.
[----------] Global test environment set-up.
[----------] 1 test from VariableTest
[ RUN      ] VariableTest.StreamOutput
[       OK ] VariableTest.StreamOutput (0 ms)
[----------] 1 test from VariableTest (0 ms total)

[----------] Global test environment tear-down
[==========] 1 test from 1 test suite ran. (0 ms total)
[  PASSED  ] 1 test.
<end of output>
Test time =   0.00 sec
----------------------------------------------------------
Test Passed.
"VariableTest.StreamOutput" end time: Apr 21 21:54 EDT
"VariableTest.StreamOutput" time elapsed: 00:00:00
----------------------------------------------------------

35/53 Testing: OdeSystemTest.ConstructorValid
35/53 Test: OdeSystemTest.ConstructorValid
Command: "/home/orebas/cpp/polyODE/build2/ode_system_test" "--gtest_filter=OdeSystemTest.ConstructorValid"
Directory: /home/orebas/cpp/polyODE/build2
"OdeSystemTest.ConstructorValid" start time: Apr 21 21:54 EDT
Output:
----------------------------------------------------------
Running main() from /home/orebas/cpp/polyODE/build2/_deps/googletest-src/googletest/src/gtest_main.cc
Note: Google Test filter = OdeSystemTest.ConstructorValid
[==========] Running 1 test from 1 test suite.
[----------] Global test environment set-up.
[----------] 1 test from OdeSystemTest
[ RUN      ] OdeSystemTest.ConstructorValid
[       OK ] OdeSystemTest.ConstructorValid (0 ms)
[----------] 1 test from OdeSystemTest (0 ms total)

[----------] Global test environment tear-down
[==========] 1 test from 1 test suite ran. (0 ms total)
[  PASSED  ] 1 test.
<end of output>
Test time =   0.00 sec
----------------------------------------------------------
Test Passed.
"OdeSystemTest.ConstructorValid" end time: Apr 21 21:54 EDT
"OdeSystemTest.ConstructorValid" time elapsed: 00:00:00
----------------------------------------------------------

36/53 Testing: OdeSystemTest.ConstructorThrowsSizeMismatch
36/53 Test: OdeSystemTest.ConstructorThrowsSizeMismatch
Command: "/home/orebas/cpp/polyODE/build2/ode_system_test" "--gtest_filter=OdeSystemTest.ConstructorThrowsSizeMismatch"
Directory: /home/orebas/cpp/polyODE/build2
"OdeSystemTest.ConstructorThrowsSizeMismatch" start time: Apr 21 21:54 EDT
Output:
----------------------------------------------------------
Running main() from /home/orebas/cpp/polyODE/build2/_deps/googletest-src/googletest/src/gtest_main.cc
Note: Google Test filter = OdeSystemTest.ConstructorThrowsSizeMismatch
[==========] Running 1 test from 1 test suite.
[----------] Global test environment set-up.
[----------] 1 test from OdeSystemTest
[ RUN      ] OdeSystemTest.ConstructorThrowsSizeMismatch
[       OK ] OdeSystemTest.ConstructorThrowsSizeMismatch (0 ms)
[----------] 1 test from OdeSystemTest (0 ms total)

[----------] Global test environment tear-down
[==========] 1 test from 1 test suite ran. (0 ms total)
[  PASSED  ] 1 test.
<end of output>
Test time =   0.00 sec
----------------------------------------------------------
Test Passed.
"OdeSystemTest.ConstructorThrowsSizeMismatch" end time: Apr 21 21:54 EDT
"OdeSystemTest.ConstructorThrowsSizeMismatch" time elapsed: 00:00:00
----------------------------------------------------------

37/53 Testing: OdeSystemTest.EvaluateOperator
37/53 Test: OdeSystemTest.EvaluateOperator
Command: "/home/orebas/cpp/polyODE/build2/ode_system_test" "--gtest_filter=OdeSystemTest.EvaluateOperator"
Directory: /home/orebas/cpp/polyODE/build2
"OdeSystemTest.EvaluateOperator" start time: Apr 21 21:54 EDT
Output:
----------------------------------------------------------
Running main() from /home/orebas/cpp/polyODE/build2/_deps/googletest-src/googletest/src/gtest_main.cc
Note: Google Test filter = OdeSystemTest.EvaluateOperator
[==========] Running 1 test from 1 test suite.
[----------] Global test environment set-up.
[----------] 1 test from OdeSystemTest
[ RUN      ] OdeSystemTest.EvaluateOperator
[       OK ] OdeSystemTest.EvaluateOperator (0 ms)
[----------] 1 test from OdeSystemTest (0 ms total)

[----------] Global test environment tear-down
[==========] 1 test from 1 test suite ran. (0 ms total)
[  PASSED  ] 1 test.
<end of output>
Test time =   0.00 sec
----------------------------------------------------------
Test Passed.
"OdeSystemTest.EvaluateOperator" end time: Apr 21 21:54 EDT
"OdeSystemTest.EvaluateOperator" time elapsed: 00:00:00
----------------------------------------------------------

38/53 Testing: OdeSystemTest.EvaluateOperatorMissingParameter
38/53 Test: OdeSystemTest.EvaluateOperatorMissingParameter
Command: "/home/orebas/cpp/polyODE/build2/ode_system_test" "--gtest_filter=OdeSystemTest.EvaluateOperatorMissingParameter"
Directory: /home/orebas/cpp/polyODE/build2
"OdeSystemTest.EvaluateOperatorMissingParameter" start time: Apr 21 21:54 EDT
Output:
----------------------------------------------------------
Running main() from /home/orebas/cpp/polyODE/build2/_deps/googletest-src/googletest/src/gtest_main.cc
Note: Google Test filter = OdeSystemTest.EvaluateOperatorMissingParameter
[==========] Running 1 test from 1 test suite.
[----------] Global test environment set-up.
[----------] 1 test from OdeSystemTest
[ RUN      ] OdeSystemTest.EvaluateOperatorMissingParameter
DEBUG: Monomial::evaluate failed to find key: k
[       OK ] OdeSystemTest.EvaluateOperatorMissingParameter (0 ms)
[----------] 1 test from OdeSystemTest (0 ms total)

[----------] Global test environment tear-down
[==========] 1 test from 1 test suite ran. (0 ms total)
[  PASSED  ] 1 test.
<end of output>
Test time =   0.00 sec
----------------------------------------------------------
Test Passed.
"OdeSystemTest.EvaluateOperatorMissingParameter" end time: Apr 21 21:54 EDT
"OdeSystemTest.EvaluateOperatorMissingParameter" time elapsed: 00:00:00
----------------------------------------------------------

39/53 Testing: OdeSystemTest.EvaluateOperatorMissingStateVarInMap
39/53 Test: OdeSystemTest.EvaluateOperatorMissingStateVarInMap
Command: "/home/orebas/cpp/polyODE/build2/ode_system_test" "--gtest_filter=OdeSystemTest.EvaluateOperatorMissingStateVarInMap"
Directory: /home/orebas/cpp/polyODE/build2
"OdeSystemTest.EvaluateOperatorMissingStateVarInMap" start time: Apr 21 21:54 EDT
Output:
----------------------------------------------------------
Running main() from /home/orebas/cpp/polyODE/build2/_deps/googletest-src/googletest/src/gtest_main.cc
Note: Google Test filter = OdeSystemTest.EvaluateOperatorMissingStateVarInMap
[==========] Running 1 test from 1 test suite.
[----------] Global test environment set-up.
[----------] 1 test from OdeSystemTest
[ RUN      ] OdeSystemTest.EvaluateOperatorMissingStateVarInMap
[       OK ] OdeSystemTest.EvaluateOperatorMissingStateVarInMap (0 ms)
[----------] 1 test from OdeSystemTest (0 ms total)

[----------] Global test environment tear-down
[==========] 1 test from 1 test suite ran. (0 ms total)
[  PASSED  ] 1 test.
<end of output>
Test time =   0.00 sec
----------------------------------------------------------
Test Passed.
"OdeSystemTest.EvaluateOperatorMissingStateVarInMap" end time: Apr 21 21:54 EDT
"OdeSystemTest.EvaluateOperatorMissingStateVarInMap" time elapsed: 00:00:00
----------------------------------------------------------

40/53 Testing: OdeSystemTest.ConstructorThrowsVariableIsBothStateAndParam
40/53 Test: OdeSystemTest.ConstructorThrowsVariableIsBothStateAndParam
Command: "/home/orebas/cpp/polyODE/build2/ode_system_test" "--gtest_filter=OdeSystemTest.ConstructorThrowsVariableIsBothStateAndParam"
Directory: /home/orebas/cpp/polyODE/build2
"OdeSystemTest.ConstructorThrowsVariableIsBothStateAndParam" start time: Apr 21 21:54 EDT
Output:
----------------------------------------------------------
Running main() from /home/orebas/cpp/polyODE/build2/_deps/googletest-src/googletest/src/gtest_main.cc
Note: Google Test filter = OdeSystemTest.ConstructorThrowsVariableIsBothStateAndParam
[==========] Running 1 test from 1 test suite.
[----------] Global test environment set-up.
[----------] 1 test from OdeSystemTest
[ RUN      ] OdeSystemTest.ConstructorThrowsVariableIsBothStateAndParam
[       OK ] OdeSystemTest.ConstructorThrowsVariableIsBothStateAndParam (0 ms)
[----------] 1 test from OdeSystemTest (0 ms total)

[----------] Global test environment tear-down
[==========] 1 test from 1 test suite ran. (0 ms total)
[  PASSED  ] 1 test.
<end of output>
Test time =   0.00 sec
----------------------------------------------------------
Test Passed.
"OdeSystemTest.ConstructorThrowsVariableIsBothStateAndParam" end time: Apr 21 21:54 EDT
"OdeSystemTest.ConstructorThrowsVariableIsBothStateAndParam" time elapsed: 00:00:00
----------------------------------------------------------

41/53 Testing: OdeSystemTest.EvaluateOperatorWithParameterChange
41/53 Test: OdeSystemTest.EvaluateOperatorWithParameterChange
Command: "/home/orebas/cpp/polyODE/build2/ode_system_test" "--gtest_filter=OdeSystemTest.EvaluateOperatorWithParameterChange"
Directory: /home/orebas/cpp/polyODE/build2
"OdeSystemTest.EvaluateOperatorWithParameterChange" start time: Apr 21 21:54 EDT
Output:
----------------------------------------------------------
Running main() from /home/orebas/cpp/polyODE/build2/_deps/googletest-src/googletest/src/gtest_main.cc
Note: Google Test filter = OdeSystemTest.EvaluateOperatorWithParameterChange
[==========] Running 1 test from 1 test suite.
[----------] Global test environment set-up.
[----------] 1 test from OdeSystemTest
[ RUN      ] OdeSystemTest.EvaluateOperatorWithParameterChange
[       OK ] OdeSystemTest.EvaluateOperatorWithParameterChange (0 ms)
[----------] 1 test from OdeSystemTest (0 ms total)

[----------] Global test environment tear-down
[==========] 1 test from 1 test suite ran. (0 ms total)
[  PASSED  ] 1 test.
<end of output>
Test time =   0.00 sec
----------------------------------------------------------
Test Passed.
"OdeSystemTest.EvaluateOperatorWithParameterChange" end time: Apr 21 21:54 EDT
"OdeSystemTest.EvaluateOperatorWithParameterChange" time elapsed: 00:00:00
----------------------------------------------------------

42/53 Testing: ExponentialDecayTest.NumericalVsAnalytical
42/53 Test: ExponentialDecayTest.NumericalVsAnalytical
Command: "/home/orebas/cpp/polyODE/build2/exponential_decay_test" "--gtest_filter=ExponentialDecayTest.NumericalVsAnalytical"
Directory: /home/orebas/cpp/polyODE/build2
"ExponentialDecayTest.NumericalVsAnalytical" start time: Apr 21 21:54 EDT
Output:
----------------------------------------------------------
Running main() from /home/orebas/cpp/polyODE/build2/_deps/googletest-src/googletest/src/gtest_main.cc
Note: Google Test filter = ExponentialDecayTest.NumericalVsAnalytical
[==========] Running 1 test from 1 test suite.
[----------] Global test environment set-up.
[----------] 1 test from ExponentialDecayTest
[ RUN      ] ExponentialDecayTest.NumericalVsAnalytical
[       OK ] ExponentialDecayTest.NumericalVsAnalytical (0 ms)
[----------] 1 test from ExponentialDecayTest (0 ms total)

[----------] Global test environment tear-down
[==========] 1 test from 1 test suite ran. (0 ms total)
[  PASSED  ] 1 test.
<end of output>
Test time =   0.00 sec
----------------------------------------------------------
Test Passed.
"ExponentialDecayTest.NumericalVsAnalytical" end time: Apr 21 21:54 EDT
"ExponentialDecayTest.NumericalVsAnalytical" time elapsed: 00:00:00
----------------------------------------------------------

43/53 Testing: ParameterEstimationTest.ExponentialDecaySingleParam
43/53 Test: ParameterEstimationTest.ExponentialDecaySingleParam
Command: "/home/orebas/cpp/polyODE/build2/parameter_estimation_test" "--gtest_filter=ParameterEstimationTest.ExponentialDecaySingleParam"
Directory: /home/orebas/cpp/polyODE/build2
"ParameterEstimationTest.ExponentialDecaySingleParam" start time: Apr 21 21:54 EDT
Output:
----------------------------------------------------------
Running main() from /home/orebas/cpp/polyODE/build2/_deps/googletest-src/googletest/src/gtest_main.cc
Note: Google Test filter = ParameterEstimationTest.ExponentialDecaySingleParam
[==========] Running 1 test from 1 test suite.
[----------] Global test environment set-up.
[----------] 1 test from ParameterEstimationTest
[ RUN      ] ParameterEstimationTest.ExponentialDecaySingleParam
iter      cost      cost_change  |gradient|   |step|    tr_ratio  tr_radius  ls_iter  iter_time  total_time
   0  7.649222e+00    0.00e+00    9.35e+01   0.00e+00   0.00e+00  1.00e+04        0    1.66e-02    1.67e-02
   1  1.865671e-01    7.46e+00    1.04e+01   0.00e+00   9.80e-01  3.00e+04        1    4.69e-02    6.36e-02
   2  2.230827e-04    1.86e-01    3.36e-01   3.57e-02   9.99e-01  9.00e+04        1    4.68e-02    1.10e-01
   3  3.768164e-10    2.23e-04    4.36e-04   1.33e-03   1.00e+00  2.70e+05        1    4.75e-02    1.58e-01
   4  1.092687e-20    3.77e-10    2.35e-09   1.73e-06   1.00e+00  8.10e+05        1    4.71e-02    2.05e-01

Solver Summary (v 2.2.0-eigen-(3.4.0)-lapack-suitesparse-(7.6.1)-eigensparse)

                                     Original                  Reduced
Parameter blocks                            1                        1
Parameters                                  1                        1
Residual blocks                             7                        7
Residuals                                   7                        7

Minimizer                        TRUST_REGION

Dense linear algebra library            EIGEN 
Trust region strategy     LEVENBERG_MARQUARDT
                                        Given                     Used
Linear solver                        DENSE_QR                 DENSE_QR
Threads                                     1                        1
Linear solver ordering              AUTOMATIC                        1

Cost:
Initial                          7.649222e+00
Final                            1.092687e-20
Change                           7.649222e+00

Minimizer iterations                        5
Successful steps                            5
Unsuccessful steps                          0
Line search steps                           0

Time (in seconds):
Preprocessor                         0.000076

  Residual only evaluation           0.074120 (5)
    Line search cost evaluation      0.000000
  Jacobian & residual evaluation     0.162510 (10)
    Line search gradient evaluation   0.081412
  Linear solver                      0.000049 (5)
  Line search polynomial minimization  0.000000
Minimizer                            0.237089

Postprocessor                        0.000004
Total                                0.237169

Termination:                      CONVERGENCE (Parameter tolerance reached. Relative step_norm: 1.861011e-11 <= 1.000000e-08.)

[       OK ] ParameterEstimationTest.ExponentialDecaySingleParam (237 ms)
[----------] 1 test from ParameterEstimationTest (237 ms total)

[----------] Global test environment tear-down
[==========] 1 test from 1 test suite ran. (237 ms total)
[  PASSED  ] 1 test.
<end of output>
Test time =   0.24 sec
----------------------------------------------------------
Test Passed.
"ParameterEstimationTest.ExponentialDecaySingleParam" end time: Apr 21 21:54 EDT
"ParameterEstimationTest.ExponentialDecaySingleParam" time elapsed: 00:00:00
----------------------------------------------------------

44/53 Testing: ParameterEstimationTest.LotkaVolterraEstimateParamsAndICsWithNoise
44/53 Test: ParameterEstimationTest.LotkaVolterraEstimateParamsAndICsWithNoise
Command: "/home/orebas/cpp/polyODE/build2/parameter_estimation_test" "--gtest_filter=ParameterEstimationTest.LotkaVolterraEstimateParamsAndICsWithNoise"
Directory: /home/orebas/cpp/polyODE/build2
"ParameterEstimationTest.LotkaVolterraEstimateParamsAndICsWithNoise" start time: Apr 21 21:54 EDT
Output:
----------------------------------------------------------
Running main() from /home/orebas/cpp/polyODE/build2/_deps/googletest-src/googletest/src/gtest_main.cc
Note: Google Test filter = ParameterEstimationTest.LotkaVolterraEstimateParamsAndICsWithNoise
[==========] Running 1 test from 1 test suite.
[----------] Global test environment set-up.
[----------] 1 test from ParameterEstimationTest
[ RUN      ] ParameterEstimationTest.LotkaVolterraEstimateParamsAndICsWithNoise
iter      cost      cost_change  |gradient|   |step|    tr_ratio  tr_radius  ls_iter  iter_time  total_time
   0  1.098970e+22    0.00e+00    1.50e+01   0.00e+00   0.00e+00  1.00e+04        0    1.44e+00    1.44e+00

Solver Summary (v 2.2.0-eigen-(3.4.0)-lapack-suitesparse-(7.6.1)-eigensparse)

                                     Original                  Reduced
Parameter blocks                            1                        1
Parameters                                  4                        4
Residual blocks                            31                       31
Residuals                                  62                       62

Minimizer                        TRUST_REGION

Dense linear algebra library            EIGEN 
Trust region strategy     LEVENBERG_MARQUARDT
                                        Given                     Used
Linear solver                        DENSE_QR                 DENSE_QR
Threads                                     1                        1
Linear solver ordering              AUTOMATIC                        1

Cost:
Initial                          1.098970e+22
Final                            1.098970e+22
Change                           0.000000e+00

Minimizer iterations                        1
Successful steps                            1
Unsuccessful steps                          0
Line search steps                          18

Time (in seconds):
Preprocessor                         0.000077

  Residual only evaluation           1.123845 (1)
    Line search cost evaluation      0.000000
  Jacobian & residual evaluation    31.461296 (20)
    Line search gradient evaluation   30.023198
  Linear solver                      0.000034 (1)
  Line search polynomial minimization  0.000372
Minimizer                           32.585786

Postprocessor                        0.000005
Total                               32.585868

Termination:                      CONVERGENCE (Function tolerance reached. |cost_change|/cost: 2.139195e-10 <= 1.000000e-06)

[       OK ] ParameterEstimationTest.LotkaVolterraEstimateParamsAndICsWithNoise (29001 ms)
[----------] 1 test from ParameterEstimationTest (29001 ms total)

[----------] Global test environment tear-down
[==========] 1 test from 1 test suite ran. (29001 ms total)
[  PASSED  ] 1 test.
<end of output>
Test time =  29.01 sec
----------------------------------------------------------
Test Passed.
"ParameterEstimationTest.LotkaVolterraEstimateParamsAndICsWithNoise" end time: Apr 21 21:54 EDT
"ParameterEstimationTest.LotkaVolterraEstimateParamsAndICsWithNoise" time elapsed: 00:00:29
----------------------------------------------------------

45/53 Testing: IdentifiabilityAnalyzerTest.ComputeYNumericalExponential
45/53 Test: IdentifiabilityAnalyzerTest.ComputeYNumericalExponential
Command: "/home/orebas/cpp/polyODE/build2/identifiability_analyzer_test" "--gtest_filter=IdentifiabilityAnalyzerTest.ComputeYNumericalExponential"
Directory: /home/orebas/cpp/polyODE/build2
"IdentifiabilityAnalyzerTest.ComputeYNumericalExponential" start time: Apr 21 21:54 EDT
Output:
----------------------------------------------------------
Running main() from /home/orebas/cpp/polyODE/build2/_deps/googletest-src/googletest/src/gtest_main.cc
Note: Google Test filter = IdentifiabilityAnalyzerTest.ComputeYNumericalExponential
[==========] Running 1 test from 1 test suite.
[----------] Global test environment set-up.
[----------] 1 test from IdentifiabilityAnalyzerTest
[ RUN      ] IdentifiabilityAnalyzerTest.ComputeYNumericalExponential
Symbolic derivatives of RHS and observables computed up to order 2.
[       OK ] IdentifiabilityAnalyzerTest.ComputeYNumericalExponential (0 ms)
[----------] 1 test from IdentifiabilityAnalyzerTest (0 ms total)

[----------] Global test environment tear-down
[==========] 1 test from 1 test suite ran. (0 ms total)
[  PASSED  ] 1 test.
<end of output>
Test time =   0.00 sec
----------------------------------------------------------
Test Passed.
"IdentifiabilityAnalyzerTest.ComputeYNumericalExponential" end time: Apr 21 21:54 EDT
"IdentifiabilityAnalyzerTest.ComputeYNumericalExponential" time elapsed: 00:00:00
----------------------------------------------------------

46/53 Testing: IdentifiabilityAnalyzerTest.ComputeYNumericalExponentialFixedK
46/53 Test: IdentifiabilityAnalyzerTest.ComputeYNumericalExponentialFixedK
Command: "/home/orebas/cpp/polyODE/build2/identifiability_analyzer_test" "--gtest_filter=IdentifiabilityAnalyzerTest.ComputeYNumericalExponentialFixedK"
Directory: /home/orebas/cpp/polyODE/build2
"IdentifiabilityAnalyzerTest.ComputeYNumericalExponentialFixedK" start time: Apr 21 21:54 EDT
Output:
----------------------------------------------------------
Running main() from /home/orebas/cpp/polyODE/build2/_deps/googletest-src/googletest/src/gtest_main.cc
Note: Google Test filter = IdentifiabilityAnalyzerTest.ComputeYNumericalExponentialFixedK
[==========] Running 1 test from 1 test suite.
[----------] Global test environment set-up.
[----------] 1 test from IdentifiabilityAnalyzerTest
[ RUN      ] IdentifiabilityAnalyzerTest.ComputeYNumericalExponentialFixedK
Symbolic derivatives of RHS and observables computed up to order 2.
[       OK ] IdentifiabilityAnalyzerTest.ComputeYNumericalExponentialFixedK (0 ms)
[----------] 1 test from IdentifiabilityAnalyzerTest (0 ms total)

[----------] Global test environment tear-down
[==========] 1 test from 1 test suite ran. (0 ms total)
[  PASSED  ] 1 test.
<end of output>
Test time =   0.00 sec
----------------------------------------------------------
Test Passed.
"IdentifiabilityAnalyzerTest.ComputeYNumericalExponentialFixedK" end time: Apr 21 21:54 EDT
"IdentifiabilityAnalyzerTest.ComputeYNumericalExponentialFixedK" time elapsed: 00:00:00
----------------------------------------------------------

47/53 Testing: IdentifiabilityAnalyzerTest.ComputeYNumericalExponentialFixedX0
47/53 Test: IdentifiabilityAnalyzerTest.ComputeYNumericalExponentialFixedX0
Command: "/home/orebas/cpp/polyODE/build2/identifiability_analyzer_test" "--gtest_filter=IdentifiabilityAnalyzerTest.ComputeYNumericalExponentialFixedX0"
Directory: /home/orebas/cpp/polyODE/build2
"IdentifiabilityAnalyzerTest.ComputeYNumericalExponentialFixedX0" start time: Apr 21 21:54 EDT
Output:
----------------------------------------------------------
Running main() from /home/orebas/cpp/polyODE/build2/_deps/googletest-src/googletest/src/gtest_main.cc
Note: Google Test filter = IdentifiabilityAnalyzerTest.ComputeYNumericalExponentialFixedX0
[==========] Running 1 test from 1 test suite.
[----------] Global test environment set-up.
[----------] 1 test from IdentifiabilityAnalyzerTest
[ RUN      ] IdentifiabilityAnalyzerTest.ComputeYNumericalExponentialFixedX0
Symbolic derivatives of RHS and observables computed up to order 2.
[       OK ] IdentifiabilityAnalyzerTest.ComputeYNumericalExponentialFixedX0 (0 ms)
[----------] 1 test from IdentifiabilityAnalyzerTest (0 ms total)

[----------] Global test environment tear-down
[==========] 1 test from 1 test suite ran. (0 ms total)
[  PASSED  ] 1 test.
<end of output>
Test time =   0.00 sec
----------------------------------------------------------
Test Passed.
"IdentifiabilityAnalyzerTest.ComputeYNumericalExponentialFixedX0" end time: Apr 21 21:54 EDT
"IdentifiabilityAnalyzerTest.ComputeYNumericalExponentialFixedX0" time elapsed: 00:00:00
----------------------------------------------------------

48/53 Testing: IdentifiabilityAnalyzerTest.SensitivityFunctorExponential
48/53 Test: IdentifiabilityAnalyzerTest.SensitivityFunctorExponential
Command: "/home/orebas/cpp/polyODE/build2/identifiability_analyzer_test" "--gtest_filter=IdentifiabilityAnalyzerTest.SensitivityFunctorExponential"
Directory: /home/orebas/cpp/polyODE/build2
"IdentifiabilityAnalyzerTest.SensitivityFunctorExponential" start time: Apr 21 21:54 EDT
Output:
----------------------------------------------------------
Running main() from /home/orebas/cpp/polyODE/build2/_deps/googletest-src/googletest/src/gtest_main.cc
Note: Google Test filter = IdentifiabilityAnalyzerTest.SensitivityFunctorExponential
[==========] Running 1 test from 1 test suite.
[----------] Global test environment set-up.
[----------] 1 test from IdentifiabilityAnalyzerTest
[ RUN      ] IdentifiabilityAnalyzerTest.SensitivityFunctorExponential
Symbolic derivatives of RHS and observables computed up to order 2.
[       OK ] IdentifiabilityAnalyzerTest.SensitivityFunctorExponential (0 ms)
[----------] 1 test from IdentifiabilityAnalyzerTest (0 ms total)

[----------] Global test environment tear-down
[==========] 1 test from 1 test suite ran. (0 ms total)
[  PASSED  ] 1 test.
<end of output>
Test time =   0.00 sec
----------------------------------------------------------
Test Passed.
"IdentifiabilityAnalyzerTest.SensitivityFunctorExponential" end time: Apr 21 21:54 EDT
"IdentifiabilityAnalyzerTest.SensitivityFunctorExponential" time elapsed: 00:00:00
----------------------------------------------------------

49/53 Testing: IdentifiabilityAnalyzerTest.AnalyzeSinglePoint
49/53 Test: IdentifiabilityAnalyzerTest.AnalyzeSinglePoint
Command: "/home/orebas/cpp/polyODE/build2/identifiability_analyzer_test" "--gtest_filter=IdentifiabilityAnalyzerTest.AnalyzeSinglePoint"
Directory: /home/orebas/cpp/polyODE/build2
"IdentifiabilityAnalyzerTest.AnalyzeSinglePoint" start time: Apr 21 21:54 EDT
Output:
----------------------------------------------------------
Running main() from /home/orebas/cpp/polyODE/build2/_deps/googletest-src/googletest/src/gtest_main.cc
Note: Google Test filter = IdentifiabilityAnalyzerTest.AnalyzeSinglePoint
[==========] Running 1 test from 1 test suite.
[----------] Global test environment set-up.
[----------] 1 test from IdentifiabilityAnalyzerTest
[ RUN      ] IdentifiabilityAnalyzerTest.AnalyzeSinglePoint
Symbolic derivatives of RHS and observables computed up to order 2.
Starting identifiability analysis...
  Parameters to analyze: 2
  Max derivative order: 2
  Num test points: 1
  Rank tolerance: 1e-09
  Nullspace tolerance: 1e-06

--- Iteration 1 ---
Analyzing 2 parameters.
Iteration 1 - Numerical Rank: 2 (Threshold: 2.22978e-09)
Full rank achieved for current parameter set.

--- Step 4: Determining Minimal Derivative Orders ---
Phase 1: Reducing overall max order...
 Singular values for rank check:  1.73723 0.954344
  [Overall] Testing order 1, S_view_T dims: 2x2, Rank(S_view) = 2
 Singular values for rank check: 1
  [Overall] Testing order 0, S_view_T dims: 1x2, Rank(S_view) = 1
  Minimum required overall max order found: 1
Phase 2: Refining individual observable orders...
In loop, improvement_found = 0
DEBUG: Current order for y_obs: 1
 Singular values for rank check: 1
  [Individual] Testing reduction for y_obs to order 0, S_view_T dims: 1x2, Rank(S_view) = 1

Analysis complete.
[       OK ] IdentifiabilityAnalyzerTest.AnalyzeSinglePoint (0 ms)
[----------] 1 test from IdentifiabilityAnalyzerTest (0 ms total)

[----------] Global test environment tear-down
[==========] 1 test from 1 test suite ran. (0 ms total)
[  PASSED  ] 1 test.
<end of output>
Test time =   0.00 sec
----------------------------------------------------------
Test Passed.
"IdentifiabilityAnalyzerTest.AnalyzeSinglePoint" end time: Apr 21 21:54 EDT
"IdentifiabilityAnalyzerTest.AnalyzeSinglePoint" time elapsed: 00:00:00
----------------------------------------------------------

50/53 Testing: IdentifiabilityAnalyzerTest.AnalyzeMultiPointRank
50/53 Test: IdentifiabilityAnalyzerTest.AnalyzeMultiPointRank
Command: "/home/orebas/cpp/polyODE/build2/identifiability_analyzer_test" "--gtest_filter=IdentifiabilityAnalyzerTest.AnalyzeMultiPointRank"
Directory: /home/orebas/cpp/polyODE/build2
"IdentifiabilityAnalyzerTest.AnalyzeMultiPointRank" start time: Apr 21 21:54 EDT
Output:
----------------------------------------------------------
Running main() from /home/orebas/cpp/polyODE/build2/_deps/googletest-src/googletest/src/gtest_main.cc
Note: Google Test filter = IdentifiabilityAnalyzerTest.AnalyzeMultiPointRank
[==========] Running 1 test from 1 test suite.
[----------] Global test environment set-up.
[----------] 1 test from IdentifiabilityAnalyzerTest
[ RUN      ] IdentifiabilityAnalyzerTest.AnalyzeMultiPointRank
Symbolic derivatives of RHS and observables computed up to order 1.
Starting identifiability analysis...
  Parameters to analyze: 2
  Max derivative order: 1
  Num test points: 5
  Rank tolerance: 1e-09
  Nullspace tolerance: 1e-06

--- Iteration 1 ---
Analyzing 2 parameters.
Iteration 1 - Numerical Rank: 2 (Threshold: 3.94177e-09)
Full rank achieved for current parameter set.

--- Step 4: Determining Minimal Derivative Orders ---
Phase 1: Reducing overall max order...
 Singular values for rank check: 2.23607       0
  [Overall] Testing order 0, S_view_T dims: 5x2, Rank(S_view) = 1
  Minimum required overall max order found: 1
Phase 2: Refining individual observable orders...
In loop, improvement_found = 0
DEBUG: Current order for y_obs: 1
 Singular values for rank check: 2.23607       0
  [Individual] Testing reduction for y_obs to order 0, S_view_T dims: 5x2, Rank(S_view) = 1

Analysis complete.
[       OK ] IdentifiabilityAnalyzerTest.AnalyzeMultiPointRank (0 ms)
[----------] 1 test from IdentifiabilityAnalyzerTest (0 ms total)

[----------] Global test environment tear-down
[==========] 1 test from 1 test suite ran. (0 ms total)
[  PASSED  ] 1 test.
<end of output>
Test time =   0.00 sec
----------------------------------------------------------
Test Passed.
"IdentifiabilityAnalyzerTest.AnalyzeMultiPointRank" end time: Apr 21 21:54 EDT
"IdentifiabilityAnalyzerTest.AnalyzeMultiPointRank" time elapsed: 00:00:00
----------------------------------------------------------

51/53 Testing: IdentifiabilityAnalyzerTest.AnalyzeNonIdentifiableSum
51/53 Test: IdentifiabilityAnalyzerTest.AnalyzeNonIdentifiableSum
Command: "/home/orebas/cpp/polyODE/build2/identifiability_analyzer_test" "--gtest_filter=IdentifiabilityAnalyzerTest.AnalyzeNonIdentifiableSum"
Directory: /home/orebas/cpp/polyODE/build2
"IdentifiabilityAnalyzerTest.AnalyzeNonIdentifiableSum" start time: Apr 21 21:54 EDT
Output:
----------------------------------------------------------
Running main() from /home/orebas/cpp/polyODE/build2/_deps/googletest-src/googletest/src/gtest_main.cc
Note: Google Test filter = IdentifiabilityAnalyzerTest.AnalyzeNonIdentifiableSum
[==========] Running 1 test from 1 test suite.
[----------] Global test environment set-up.
[----------] 1 test from IdentifiabilityAnalyzerTest
[ RUN      ] IdentifiabilityAnalyzerTest.AnalyzeNonIdentifiableSum
Symbolic derivatives of RHS and observables computed up to order 1.
Starting identifiability analysis...
  Parameters to analyze: 3
  Max derivative order: 1
  Num test points: 5
  Rank tolerance: 1e-08
  Nullspace tolerance: 1e-06

--- Iteration 1 ---
Analyzing 3 parameters.
Iteration 1 - Numerical Rank: 2 (Threshold: 6.64382e-08)
Rank deficient!
Nullspace basis vectors (columns):
   0.707107
  -0.707107
2.77556e-17
Fixing parameter: k1 at value 1.04275 (Index: 0, Max Abs Contrib: 0.707107)

--- Iteration 2 ---
Analyzing 2 parameters.
Iteration 2 - Numerical Rank: 2 (Threshold: 5.23436e-08)
Full rank achieved for current parameter set.

--- Step 4: Determining Minimal Derivative Orders ---
Phase 1: Reducing overall max order...
 Singular values for rank check: 2.23607       0
  [Overall] Testing order 0, S_view_T dims: 5x2, Rank(S_view) = 1
  Minimum required overall max order found: 1
Phase 2: Refining individual observable orders...
In loop, improvement_found = 0
DEBUG: Current order for y_obs: 1
 Singular values for rank check: 2.23607       0
  [Individual] Testing reduction for y_obs to order 0, S_view_T dims: 5x2, Rank(S_view) = 1

Analysis complete.
[       OK ] IdentifiabilityAnalyzerTest.AnalyzeNonIdentifiableSum (0 ms)
[----------] 1 test from IdentifiabilityAnalyzerTest (0 ms total)

[----------] Global test environment tear-down
[==========] 1 test from 1 test suite ran. (0 ms total)
[  PASSED  ] 1 test.
<end of output>
Test time =   0.00 sec
----------------------------------------------------------
Test Passed.
"IdentifiabilityAnalyzerTest.AnalyzeNonIdentifiableSum" end time: Apr 21 21:54 EDT
"IdentifiabilityAnalyzerTest.AnalyzeNonIdentifiableSum" time elapsed: 00:00:00
----------------------------------------------------------

52/53 Testing: IdentifiabilityAnalyzerTest.AnalyzeThirdOrderSystem
52/53 Test: IdentifiabilityAnalyzerTest.AnalyzeThirdOrderSystem
Command: "/home/orebas/cpp/polyODE/build2/identifiability_analyzer_test" "--gtest_filter=IdentifiabilityAnalyzerTest.AnalyzeThirdOrderSystem"
Directory: /home/orebas/cpp/polyODE/build2
"IdentifiabilityAnalyzerTest.AnalyzeThirdOrderSystem" start time: Apr 21 21:54 EDT
Output:
----------------------------------------------------------
Running main() from /home/orebas/cpp/polyODE/build2/_deps/googletest-src/googletest/src/gtest_main.cc
Note: Google Test filter = IdentifiabilityAnalyzerTest.AnalyzeThirdOrderSystem
[==========] Running 1 test from 1 test suite.
[----------] Global test environment set-up.
[----------] 1 test from IdentifiabilityAnalyzerTest
[ RUN      ] IdentifiabilityAnalyzerTest.AnalyzeThirdOrderSystem
Symbolic derivatives of RHS and observables computed up to order 3.
Starting identifiability analysis...
  Parameters to analyze: 2
  Max derivative order: 3
  Num test points: 5
  Rank tolerance: 1e-09
  Nullspace tolerance: 1e-06

--- Iteration 1 ---
Analyzing 2 parameters.
Iteration 1 - Numerical Rank: 2 (Threshold: 3.24549e-09)
Full rank achieved for current parameter set.

--- Step 4: Determining Minimal Derivative Orders ---
Phase 1: Reducing overall max order...
 Singular values for rank check: 2.23607       0
  [Overall] Testing order 2, S_view_T dims: 15x2, Rank(S_view) = 1
  Minimum required overall max order found: 3
Phase 2: Refining individual observable orders...
In loop, improvement_found = 0
DEBUG: Current order for y_obs: 3
 Singular values for rank check: 2.23607       0
  [Individual] Testing reduction for y_obs to order 2, S_view_T dims: 15x2, Rank(S_view) = 1

Analysis complete.
[       OK ] IdentifiabilityAnalyzerTest.AnalyzeThirdOrderSystem (0 ms)
[----------] 1 test from IdentifiabilityAnalyzerTest (0 ms total)

[----------] Global test environment tear-down
[==========] 1 test from 1 test suite ran. (0 ms total)
[  PASSED  ] 1 test.
<end of output>
Test time =   0.00 sec
----------------------------------------------------------
Test Passed.
"IdentifiabilityAnalyzerTest.AnalyzeThirdOrderSystem" end time: Apr 21 21:54 EDT
"IdentifiabilityAnalyzerTest.AnalyzeThirdOrderSystem" time elapsed: 00:00:00
----------------------------------------------------------

53/53 Testing: IdentifiabilityAnalyzerTest.AnalyzeComplexSystem
53/53 Test: IdentifiabilityAnalyzerTest.AnalyzeComplexSystem
Command: "/home/orebas/cpp/polyODE/build2/identifiability_analyzer_test" "--gtest_filter=IdentifiabilityAnalyzerTest.AnalyzeComplexSystem"
Directory: /home/orebas/cpp/polyODE/build2
"IdentifiabilityAnalyzerTest.AnalyzeComplexSystem" start time: Apr 21 21:54 EDT
Output:
----------------------------------------------------------
Running main() from /home/orebas/cpp/polyODE/build2/_deps/googletest-src/googletest/src/gtest_main.cc
Note: Google Test filter = IdentifiabilityAnalyzerTest.AnalyzeComplexSystem
[==========] Running 1 test from 1 test suite.
[----------] Global test environment set-up.
[----------] 1 test from IdentifiabilityAnalyzerTest
[ RUN      ] IdentifiabilityAnalyzerTest.AnalyzeComplexSystem
Symbolic derivatives of RHS and observables computed up to order 3.
Starting identifiability analysis...
  Parameters to analyze: 10
  Max derivative order: 3
  Num test points: 10
  Rank tolerance: 1e-12
  Nullspace tolerance: 1e-06

--- Iteration 1 ---
Analyzing 10 parameters.
Iteration 1 - Numerical Rank: 8 (Threshold: 3.15438e-10)
Rank deficient!
Nullspace basis vectors (columns):
        0         0
 0.707107         0
-0.707107         0
        0         0
        0         0
        0         0
        0         0
        0         0
        0         0
        0         1
Fixing parameter: u at value 1.92488 (Index: 9, Max Abs Contrib: 1)

--- Iteration 2 ---
Analyzing 9 parameters.
Iteration 2 - Numerical Rank: 8 (Threshold: 1.13147e-10)
Rank deficient!
Nullspace basis vectors (columns):
          0
  -0.707107
   0.707107
          0
          0
          0
          0
5.55112e-17
          0
Fixing parameter: k2 at value 0.780585 (Index: 2, Max Abs Contrib: 0.707107)

--- Iteration 3 ---
Analyzing 8 parameters.
Iteration 3 - Numerical Rank: 8 (Threshold: 7.50353e-11)
Full rank achieved for current parameter set.

--- Step 4: Determining Minimal Derivative Orders ---
Phase 1: Reducing overall max order...
 Singular values for rank check: 22.2801 22.1114 8.48036 5.93169 3.16228 3.16228 3.16228       0
  [Overall] Testing order 2, S_view_T dims: 90x8, Rank(S_view) = 7
  Minimum required overall max order found: 3
Phase 2: Refining individual observable orders...
In loop, improvement_found = 0
DEBUG: Current order for y1: 3
 Singular values for rank check: 75.0353  69.269 20.0225 14.6902 3.16228 3.16228 3.16228       0
  [Individual] Testing reduction for y1 to order 2, S_view_T dims: 110x8, Rank(S_view) = 7
DEBUG: Current order for y2: 3
 Singular values for rank check: 75.0353 22.1114 20.0225 8.87655 5.93169  3.8891 3.16228 2.19375
  [Individual] Testing reduction for y2 to order 2, S_view_T dims: 110x8, Rank(S_view) = 8
  Reduced max order for y2 to 2
In loop, improvement_found = 0
DEBUG: Current order for y1: 3
 Singular values for rank check: 75.0353 22.1114 20.0225 5.93169 3.16228 3.16228 3.16228       0
  [Individual] Testing reduction for y1 to order 2, S_view_T dims: 100x8, Rank(S_view) = 7
DEBUG: Current order for y2: 2
 Singular values for rank check: 75.0353 20.0225 8.87655 7.81439  3.8891 3.16228 2.19375 1.78815
  [Individual] Testing reduction for y2 to order 1, S_view_T dims: 100x8, Rank(S_view) = 8
  Reduced max order for y2 to 1
In loop, improvement_found = 0
DEBUG: Current order for y1: 3
 Singular values for rank check: 75.0353 20.0225 7.81439 3.16228 3.16228 3.16228 1.78815       0
  [Individual] Testing reduction for y1 to order 2, S_view_T dims: 90x8, Rank(S_view) = 7
DEBUG: Current order for y2: 1
 Singular values for rank check: 75.0353 20.0225 8.87655  3.8891 3.16228 3.16228 2.19375       0
  [Individual] Testing reduction for y2 to order 0, S_view_T dims: 90x8, Rank(S_view) = 7
DEBUG: Current order for y3: 3
 Singular values for rank check: 22.2801 8.87655 8.48036 7.81439  3.8891 3.16228 2.19375 1.78815
  [Individual] Testing reduction for y3 to order 2, S_view_T dims: 90x8, Rank(S_view) = 8
  Reduced max order for y3 to 2
In loop, improvement_found = 0
DEBUG: Current order for y1: 3
 Singular values for rank check: 22.2801 8.48036 7.81439 3.16228 3.16228 3.16228 1.78815       0
  [Individual] Testing reduction for y1 to order 2, S_view_T dims: 80x8, Rank(S_view) = 7
DEBUG: Current order for y2: 1
 Singular values for rank check: 22.2801 8.87655 8.48036  3.8891 3.16228 3.16228 2.19375       0
  [Individual] Testing reduction for y2 to order 0, S_view_T dims: 80x8, Rank(S_view) = 7
DEBUG: Current order for y3: 2
 Singular values for rank check: 8.87655 7.81439 7.11383  3.8891  3.4823 3.16228 2.19375 1.78815
  [Individual] Testing reduction for y3 to order 1, S_view_T dims: 80x8, Rank(S_view) = 8
  Reduced max order for y3 to 1
In loop, improvement_found = 0
DEBUG: Current order for y1: 3
 Singular values for rank check: 7.81439 7.11383  3.4823 3.16228 3.16228 3.16228 1.78815       0
  [Individual] Testing reduction for y1 to order 2, S_view_T dims: 70x8, Rank(S_view) = 7
DEBUG: Current order for y2: 1
 Singular values for rank check: 8.87655 7.11383  3.8891  3.4823 3.16228 3.16228 2.19375       0
  [Individual] Testing reduction for y2 to order 0, S_view_T dims: 70x8, Rank(S_view) = 7
DEBUG: Current order for y3: 1
 Singular values for rank check: 8.87655 7.81439  3.8891 3.16228 3.16228 2.19375 1.78815       0
  [Individual] Testing reduction for y3 to order 0, S_view_T dims: 70x8, Rank(S_view) = 7

Analysis complete.
[       OK ] IdentifiabilityAnalyzerTest.AnalyzeComplexSystem (2 ms)
[----------] 1 test from IdentifiabilityAnalyzerTest (2 ms total)

[----------] Global test environment tear-down
[==========] 1 test from 1 test suite ran. (2 ms total)
[  PASSED  ] 1 test.
<end of output>
Test time =   0.01 sec
----------------------------------------------------------
Test Passed.
"IdentifiabilityAnalyzerTest.AnalyzeComplexSystem" end time: Apr 21 21:54 EDT
"IdentifiabilityAnalyzerTest.AnalyzeComplexSystem" time elapsed: 00:00:00
----------------------------------------------------------

End testing: Apr 21 21:54 EDT
